<?xml version="1.0" encoding="utf-8"?><testsuites name="pytest tests"><testsuite name="pytest" errors="0" failures="0" skipped="0" tests="10" time="6.737" timestamp="2026-04-24T03:21:50.794595+00:00" hostname="agent-env-62f6f08c-916a-4434-806c-e273ffe1c4ef"><testcase classname="backend.tests.test_iteration21_company_logo.TestLogoUpload" name="test_upload_valid_png" time="0.593" /><testcase classname="backend.tests.test_iteration21_company_logo.TestLogoUpload" name="test_get_companies_exposes_logo_data_url" time="0.090" /><testcase classname="backend.tests.test_iteration21_company_logo.TestLogoUpload" name="test_reject_invalid_content_type" time="0.049" /><testcase classname="backend.tests.test_iteration21_company_logo.TestLogoUpload" name="test_reject_too_small" time="0.086" /><testcase classname="backend.tests.test_iteration21_company_logo.TestLogoUpload" name="test_reject_non_image_bytes_with_image_content_type" time="0.103" /><testcase classname="backend.tests.test_iteration21_company_logo.TestLogoUpload" name="test_reject_oversized" time="4.244" /><testcase classname="backend.tests.test_iteration21_company_logo.TestLogoUpload" name="test_collaborator_cannot_upload" time="0.395" /><testcase classname="backend.tests.test_iteration21_company_logo.TestLogoUpload" name="test_delete_logo_unsets_fields" time="0.179" /><testcase classname="backend.tests.test_iteration21_company_logo.TestPDFLogoEmbedding" name="test_pdfs_without_logo_have_no_xobject" time="0.452" /><testcase classname="backend.tests.test_iteration21_company_logo.TestPDFLogoEmbedding" name="test_pdfs_with_logo_embed_xobject" time="0.462" /></testsuite></testsuites>