<?xml version="1.0" encoding="utf-8"?><testsuites name="pytest tests"><testsuite name="pytest" errors="0" failures="0" skipped="0" tests="19" time="4.805" timestamp="2026-04-21T18:17:27.255018+00:00" hostname="agent-env-62f6f08c-916a-4434-806c-e273ffe1c4ef"><testcase classname="backend.tests.test_iteration17_pesv.TestPESVAuditCreation" name="test_create_pesv_audit_avanzado" time="0.168" /><testcase classname="backend.tests.test_iteration17_pesv.TestPESVAuditCreation" name="test_create_pesv_audit_basico" time="0.121" /><testcase classname="backend.tests.test_iteration17_pesv.TestPESVAuditCreation" name="test_create_pesv_audit_estandar" time="0.127" /><testcase classname="backend.tests.test_iteration17_pesv.TestPESVChecklistGeneration" name="test_generate_pesv_checklist_avanzado" time="0.420" /><testcase classname="backend.tests.test_iteration17_pesv.TestPESVChecklistGeneration" name="test_generate_pesv_checklist_basico" time="0.456" /><testcase classname="backend.tests.test_iteration17_pesv.TestPESVChecklistGeneration" name="test_generate_pesv_checklist_estandar" time="0.387" /><testcase classname="backend.tests.test_iteration17_pesv.TestPESVChecklistStructure" name="test_pesv_checklist_has_fase_field" time="0.178" /><testcase classname="backend.tests.test_iteration17_pesv.TestPESVChecklistStructure" name="test_pesv_checklist_has_paso_field" time="0.178" /><testcase classname="backend.tests.test_iteration17_pesv.TestPESVChecklistStructure" name="test_pesv_checklist_codes_start_with_p" time="0.173" /><testcase classname="backend.tests.test_iteration17_pesv.TestPESVChecklistStructure" name="test_pesv_checklist_has_all_phases" time="0.119" /><testcase classname="backend.tests.test_iteration17_pesv.TestPESVScoreCalculation" name="test_pesv_score_has_by_fase" time="0.132" /><testcase classname="backend.tests.test_iteration17_pesv.TestPESVScoreCalculation" name="test_pesv_score_phases_are_correct" time="0.129" /><testcase classname="backend.tests.test_iteration17_pesv.TestPESVScoreCalculation" name="test_pesv_score_has_classification" time="0.117" /><testcase classname="backend.tests.test_iteration17_pesv.TestPESVScoreCalculation" name="test_pesv_score_percentage" time="0.129" /><testcase classname="backend.tests.test_iteration17_pesv.TestPESVCascadeUpdates" name="test_update_pesv_checklist_item_to_no_cumple" time="0.422" /><testcase classname="backend.tests.test_iteration17_pesv.TestPESVCascadeUpdates" name="test_pesv_score_updates_after_checklist_change" time="0.304" /><testcase classname="backend.tests.test_iteration17_pesv.TestSGSSTVsPESVDifferentiation" name="test_sgsst_audit_has_by_cycle" time="0.127" /><testcase classname="backend.tests.test_iteration17_pesv.TestSGSSTVsPESVDifferentiation" name="test_pesv_audit_type_in_list" time="0.126" /><testcase classname="backend.tests.test_iteration17_pesv.TestCleanup" name="test_cleanup_test_audits" time="0.920" /></testsuite></testsuites>