<?xml version="1.0" encoding="utf-8"?><testsuites name="pytest tests"><testsuite name="pytest" errors="0" failures="0" skipped="0" tests="15" time="11.769" timestamp="2026-04-24T02:50:06.345164+00:00" hostname="agent-env-62f6f08c-916a-4434-806c-e273ffe1c4ef"><testcase classname="backend.tests.test_iteration19_approvals.TestDocumentApproval" name="test_submit_approval_sets_pending" time="0.580" /><testcase classname="backend.tests.test_iteration19_approvals.TestDocumentApproval" name="test_submit_twice_returns_400" time="0.200" /><testcase classname="backend.tests.test_iteration19_approvals.TestDocumentApproval" name="test_admin_can_approve_own_submission" time="0.252" /><testcase classname="backend.tests.test_iteration19_approvals.TestDocumentApproval" name="test_approve_non_pending_rejected" time="0.154" /><testcase classname="backend.tests.test_iteration19_approvals.TestDocumentApproval" name="test_reject_requires_reason" time="0.254" /><testcase classname="backend.tests.test_iteration19_approvals.TestDocumentApproval" name="test_reject_with_reason_sets_rejected" time="0.205" /><testcase classname="backend.tests.test_iteration19_approvals.TestDocumentApproval" name="test_segregation_of_duties_for_sgsst_manager" time="0.953" /><testcase classname="backend.tests.test_iteration19_approvals.TestAuditClosureApproval" name="test_submit_closure_sets_pending" time="0.157" /><testcase classname="backend.tests.test_iteration19_approvals.TestAuditClosureApproval" name="test_submit_closure_validates_required_fields" time="0.155" /><testcase classname="backend.tests.test_iteration19_approvals.TestAuditClosureApproval" name="test_admin_approve_closure" time="0.203" /><testcase classname="backend.tests.test_iteration19_approvals.TestAuditClosureApproval" name="test_reject_closure_requires_reason" time="0.251" /><testcase classname="backend.tests.test_iteration19_approvals.TestPendingApprovals" name="test_pending_returns_structure" time="0.368" /><testcase classname="backend.tests.test_iteration19_approvals.TestChatbotContext" name="test_chat_without_context_has_flag_false" time="7.022" /><testcase classname="backend.tests.test_iteration19_approvals.TestChatbotContext" name="test_chat_with_context_sets_flag_true_and_grounded" time="0.901" /><testcase classname="backend.tests.test_iteration19_approvals.TestChatbotContext" name="test_chat_rejects_empty" time="0.050" /></testsuite></testsuites>