<?xml version="1.0" encoding="utf-8"?><testsuites name="pytest tests"><testsuite name="pytest" errors="0" failures="0" skipped="0" tests="11" time="7.409" timestamp="2026-04-28T21:50:39.114257+00:00" hostname="agent-env-62f6f08c-916a-4434-806c-e273ffe1c4ef"><testcase classname="backend.tests.test_iteration29_notifications.TestNotificationsFlow" name="test_health_login" time="0.725" /><testcase classname="backend.tests.test_iteration29_notifications.TestNotificationsFlow" name="test_create_plan_notifies_others_not_actor" time="1.554" /><testcase classname="backend.tests.test_iteration29_notifications.TestNotificationsFlow" name="test_update_plan_triggers_updated" time="0.937" /><testcase classname="backend.tests.test_iteration29_notifications.TestNotificationsFlow" name="test_followup_triggers_followup_with_note" time="0.972" /><testcase classname="backend.tests.test_iteration29_notifications.TestNotificationsFlow" name="test_close_plan_triggers_closed" time="0.978" /><testcase classname="backend.tests.test_iteration29_notifications.TestNotificationsFlow" name="test_list_sorted_desc_and_shape" time="0.120" /><testcase classname="backend.tests.test_iteration29_notifications.TestNotificationsFlow" name="test_only_unread_filter" time="0.109" /><testcase classname="backend.tests.test_iteration29_notifications.TestNotificationsFlow" name="test_mark_one_read" time="0.337" /><testcase classname="backend.tests.test_iteration29_notifications.TestNotificationsFlow" name="test_mark_read_404_for_other_user_or_invalid" time="0.132" /><testcase classname="backend.tests.test_iteration29_notifications.TestNotificationsFlow" name="test_mark_all_read" time="0.282" /><testcase classname="backend.tests.test_iteration29_notifications.TestNotificationsFlow" name="test_delete_notification" time="1.177" /></testsuite></testsuites>