<?xml version="1.0" encoding="utf-8"?><testsuites name="pytest tests"><testsuite name="pytest" errors="0" failures="0" skipped="0" tests="15" time="2.445" timestamp="2026-04-24T12:49:12.938203+00:00" hostname="agent-env-62f6f08c-916a-4434-806c-e273ffe1c4ef"><testcase classname="backend.tests.test_iteration22_rbac_collaborator.TestCompaniesIsolation" name="test_collaborator_sees_only_assigned_company" time="0.442" /><testcase classname="backend.tests.test_iteration22_rbac_collaborator.TestCompaniesIsolation" name="test_admin_sees_all_companies" time="0.401" /><testcase classname="backend.tests.test_iteration22_rbac_collaborator.TestCompaniesIsolation" name="test_collaborator_active_company" time="0.045" /><testcase classname="backend.tests.test_iteration22_rbac_collaborator.TestPDFPermissions" name="test_collaborator_forbidden[/opening-minutes/pdf]" time="0.046" /><testcase classname="backend.tests.test_iteration22_rbac_collaborator.TestPDFPermissions" name="test_collaborator_forbidden[/closing-minutes/pdf]" time="0.046" /><testcase classname="backend.tests.test_iteration22_rbac_collaborator.TestPDFPermissions" name="test_collaborator_forbidden[/report/pdf]" time="0.049" /><testcase classname="backend.tests.test_iteration22_rbac_collaborator.TestPDFPermissions" name="test_admin_role_passes[/opening-minutes/pdf]" time="0.111" /><testcase classname="backend.tests.test_iteration22_rbac_collaborator.TestPDFPermissions" name="test_admin_role_passes[/closing-minutes/pdf]" time="0.051" /><testcase classname="backend.tests.test_iteration22_rbac_collaborator.TestPDFPermissions" name="test_admin_role_passes[/report/pdf]" time="0.051" /><testcase classname="backend.tests.test_iteration22_rbac_collaborator.TestIncidents" name="test_collaborator_can_create_incident" time="0.059" /><testcase classname="backend.tests.test_iteration22_rbac_collaborator.TestRBACPermissions" name="test_collaborator_permissions" time="0.049" /><testcase classname="backend.tests.test_iteration22_rbac_collaborator.TestRBACPermissions" name="test_admin_permissions" time="0.050" /><testcase classname="backend.tests.test_iteration22_rbac_collaborator.TestAssignCompany" name="test_replace_for_collaborator_target" time="0.562" /><testcase classname="backend.tests.test_iteration22_rbac_collaborator.TestAssignCompany" name="test_create_user_collab_requires_company" time="0.050" /><testcase classname="backend.tests.test_iteration22_rbac_collaborator.TestCreateDemo" name="test_demo_non_admin_requires_company" time="0.364" /></testsuite></testsuites>