<?xml version="1.0" encoding="utf-8"?><testsuites name="pytest tests"><testsuite name="pytest" errors="0" failures="1" skipped="0" tests="15" time="12.633" timestamp="2026-04-24T02:45:52.386780+00:00" hostname="agent-env-62f6f08c-916a-4434-806c-e273ffe1c4ef"><testcase classname="backend.tests.test_iteration19_approvals.TestDocumentApproval" name="test_submit_approval_sets_pending" time="0.703" /><testcase classname="backend.tests.test_iteration19_approvals.TestDocumentApproval" name="test_submit_twice_returns_400" time="0.232" /><testcase classname="backend.tests.test_iteration19_approvals.TestDocumentApproval" name="test_admin_can_approve_own_submission" time="0.277"><failure message="KeyError: 'approval_status'">backend/tests/test_iteration19_approvals.py:85: in test_admin_can_approve_own_submission
    assert found and found[0]["approval_status"] == "approved"
                     ^^^^^^^^^^^^^^^^^^^^^^^^^^^
E   KeyError: 'approval_status'</failure></testcase><testcase classname="backend.tests.test_iteration19_approvals.TestDocumentApproval" name="test_approve_non_pending_rejected" time="0.172" /><testcase classname="backend.tests.test_iteration19_approvals.TestDocumentApproval" name="test_reject_requires_reason" time="0.268" /><testcase classname="backend.tests.test_iteration19_approvals.TestDocumentApproval" name="test_reject_with_reason_sets_rejected" time="0.216" /><testcase classname="backend.tests.test_iteration19_approvals.TestDocumentApproval" name="test_segregation_of_duties_for_sgsst_manager" time="1.123" /><testcase classname="backend.tests.test_iteration19_approvals.TestAuditClosureApproval" name="test_submit_closure_sets_pending" time="0.173" /><testcase classname="backend.tests.test_iteration19_approvals.TestAuditClosureApproval" name="test_submit_closure_validates_required_fields" time="0.182" /><testcase classname="backend.tests.test_iteration19_approvals.TestAuditClosureApproval" name="test_admin_approve_closure" time="0.215" /><testcase classname="backend.tests.test_iteration19_approvals.TestAuditClosureApproval" name="test_reject_closure_requires_reason" time="0.279" /><testcase classname="backend.tests.test_iteration19_approvals.TestPendingApprovals" name="test_pending_returns_structure" time="0.385" /><testcase classname="backend.tests.test_iteration19_approvals.TestChatbotContext" name="test_chat_without_context_has_flag_false" time="7.336" /><testcase classname="backend.tests.test_iteration19_approvals.TestChatbotContext" name="test_chat_with_context_sets_flag_true_and_grounded" time="0.901" /><testcase classname="backend.tests.test_iteration19_approvals.TestChatbotContext" name="test_chat_rejects_empty" time="0.057" /></testsuite></testsuites>