<?xml version="1.0" encoding="utf-8"?><testsuites name="pytest tests"><testsuite name="pytest" errors="0" failures="0" skipped="0" tests="7" time="19.898" timestamp="2026-04-27T15:27:32.408451+00:00" hostname="agent-env-62f6f08c-916a-4434-806c-e273ffe1c4ef"><testcase classname="backend.tests.test_iteration27_action_plan_ai.TestAIAssistNewTypes" name="test_ai_action_plan_action" time="4.969" /><testcase classname="backend.tests.test_iteration27_action_plan_ai.TestAIAssistNewTypes" name="test_ai_action_plan_resources" time="11.999" /><testcase classname="backend.tests.test_iteration27_action_plan_ai.TestAIAssistNewTypes" name="test_ai_action_plan_evidence" time="2.552" /><testcase classname="backend.tests.test_iteration27_action_plan_ai.TestActionPlanNewFields" name="test_create_action_plan_with_new_fields" time="0.074" /><testcase classname="backend.tests.test_iteration27_action_plan_ai.TestActionPlanNewFields" name="test_get_action_plans_returns_new_fields" time="0.085" /><testcase classname="backend.tests.test_iteration27_action_plan_ai.TestActionPlanNewFields" name="test_get_audit_includes_action_plans_with_new_fields" time="0.068" /><testcase classname="backend.tests.test_iteration27_action_plan_ai.TestActionPlanNewFields" name="test_create_action_plan_corrective_default" time="0.064" /></testsuite></testsuites>