<?xml version="1.0" encoding="utf-8"?><testsuites name="pytest tests"><testsuite name="pytest" errors="0" failures="0" skipped="0" tests="15" time="6.318" timestamp="2026-05-12T14:31:42.528907+00:00" hostname="agent-env-62f6f08c-916a-4434-806c-e273ffe1c4ef"><testcase classname="backend.tests.test_iteration31_audit_plan.TestAuditPlanPDF" name="test_admin_gets_pdf" time="0.782" /><testcase classname="backend.tests.test_iteration31_audit_plan.TestAuditPlanPDF" name="test_auditor_gets_pdf" time="0.580" /><testcase classname="backend.tests.test_iteration31_audit_plan.TestAuditPlanPDF" name="test_sgsst_manager_gets_pdf_any_status" time="0.522" /><testcase classname="backend.tests.test_iteration31_audit_plan.TestAuditPlanPDF" name="test_collaborator_forbidden" time="0.489" /><testcase classname="backend.tests.test_iteration31_audit_plan.TestAuditPlanPDF" name="test_unknown_audit_returns_404" time="0.247" /><testcase classname="backend.tests.test_iteration31_audit_plan.TestAuditPlanSendEmail" name="test_admin_sends_email" time="0.932" /><testcase classname="backend.tests.test_iteration31_audit_plan.TestAuditPlanSendEmail" name="test_sgsst_can_send_email" time="0.874" /><testcase classname="backend.tests.test_iteration31_audit_plan.TestAuditPlanSendEmail" name="test_collaborator_forbidden_email" time="0.150" /><testcase classname="backend.tests.test_iteration31_audit_plan.TestAuditPlanSendEmail" name="test_unknown_audit_email_404" time="0.140" /><testcase classname="backend.tests.test_iteration31_audit_plan.TestRegression" name="test_opening_minutes_admin" time="0.542" /><testcase classname="backend.tests.test_iteration31_audit_plan.TestRegression" name="test_closing_minutes_admin" time="0.227" /><testcase classname="backend.tests.test_iteration31_audit_plan.TestRegression" name="test_indicators_arl" time="0.289" /><testcase classname="backend.tests.test_iteration31_audit_plan.TestRegression" name="test_documents_templates" time="0.119" /><testcase classname="backend.tests.test_iteration31_audit_plan.TestRegression" name="test_notifications" time="0.138" /><testcase classname="backend.tests.test_iteration31_audit_plan.TestRegression" name="test_action_plans" time="0.210" /></testsuite></testsuites>