<?xml version="1.0" encoding="utf-8"?><testsuites name="pytest tests"><testsuite name="pytest" errors="0" failures="0" skipped="0" tests="14" time="9.356" timestamp="2026-04-21T16:53:27.420301+00:00" hostname="agent-env-62f6f08c-916a-4434-806c-e273ffe1c4ef"><testcase classname="backend.tests.test_iteration15_email_auth.TestEmailLogin" name="test_login_email_success" time="0.500" /><testcase classname="backend.tests.test_iteration15_email_auth.TestEmailLogin" name="test_login_email_wrong_password" time="0.401" /><testcase classname="backend.tests.test_iteration15_email_auth.TestEmailLogin" name="test_login_email_missing_fields" time="0.475" /><testcase classname="backend.tests.test_iteration15_email_auth.TestEmailLogin" name="test_login_email_nonexistent_user" time="0.116" /><testcase classname="backend.tests.test_iteration15_email_auth.TestCreateUser" name="test_create_user_success" time="0.893" /><testcase classname="backend.tests.test_iteration15_email_auth.TestCreateUser" name="test_create_user_duplicate_email" time="0.954" /><testcase classname="backend.tests.test_iteration15_email_auth.TestCreateUser" name="test_create_user_short_password" time="0.463" /><testcase classname="backend.tests.test_iteration15_email_auth.TestCreateUser" name="test_create_user_requires_admin" time="0.116" /><testcase classname="backend.tests.test_iteration15_email_auth.TestPasswordChange" name="test_admin_can_change_user_password" time="1.574" /><testcase classname="backend.tests.test_iteration15_email_auth.TestPasswordChange" name="test_password_change_short_password" time="0.986" /><testcase classname="backend.tests.test_iteration15_email_auth.TestCompanyAssignment" name="test_admin_can_assign_company" time="1.152" /><testcase classname="backend.tests.test_iteration15_email_auth.TestUsersEndpoint" name="test_users_excludes_password_hash" time="0.450" /><testcase classname="backend.tests.test_iteration15_email_auth.TestUsersEndpoint" name="test_users_includes_auth_type" time="0.455" /><testcase classname="backend.tests.test_iteration15_email_auth.TestBruteForceProtection" name="test_brute_force_lockout" time="0.732" /></testsuite></testsuites>