<?xml version="1.0" encoding="utf-8"?><testsuites name="pytest tests"><testsuite name="pytest" errors="0" failures="0" skipped="0" tests="25" time="31.501" timestamp="2026-04-24T13:33:56.274328+00:00" hostname="agent-env-62f6f08c-916a-4434-806c-e273ffe1c4ef"><testcase classname="backend.tests.test_iteration24_role_audit_rules.TestSgsstManagerWriteForbidden" name="test_put_checklist_forbidden" time="0.876" /><testcase classname="backend.tests.test_iteration24_role_audit_rules.TestSgsstManagerWriteForbidden" name="test_put_finding_forbidden" time="0.054" /><testcase classname="backend.tests.test_iteration24_role_audit_rules.TestSgsstManagerWriteForbidden" name="test_post_finding_forbidden" time="0.057" /><testcase classname="backend.tests.test_iteration24_role_audit_rules.TestSgsstManagerWriteForbidden" name="test_put_audit_forbidden" time="0.054" /><testcase classname="backend.tests.test_iteration24_role_audit_rules.TestSgsstManagerActionPlans" name="test_create_update_followup_action_plan" time="0.171" /><testcase classname="backend.tests.test_iteration24_role_audit_rules.TestPdfRoleGate" name="test_mgr_forbidden_on_open_audit[/opening-minutes/pdf]" time="0.054" /><testcase classname="backend.tests.test_iteration24_role_audit_rules.TestPdfRoleGate" name="test_mgr_forbidden_on_open_audit[/closing-minutes/pdf]" time="0.053" /><testcase classname="backend.tests.test_iteration24_role_audit_rules.TestPdfRoleGate" name="test_mgr_forbidden_on_open_audit[/report/pdf]" time="0.055" /><testcase classname="backend.tests.test_iteration24_role_audit_rules.TestPdfRoleGate" name="test_mgr_allowed_on_closed_audit[/opening-minutes/pdf]" time="0.236" /><testcase classname="backend.tests.test_iteration24_role_audit_rules.TestPdfRoleGate" name="test_mgr_allowed_on_closed_audit[/closing-minutes/pdf]" time="0.066" /><testcase classname="backend.tests.test_iteration24_role_audit_rules.TestPdfRoleGate" name="test_admin_allowed_on_open_audit[/opening-minutes/pdf]" time="0.076" /><testcase classname="backend.tests.test_iteration24_role_audit_rules.TestPdfRoleGate" name="test_admin_allowed_on_open_audit[/closing-minutes/pdf]" time="0.072" /><testcase classname="backend.tests.test_iteration24_role_audit_rules.TestPdfRoleGate" name="test_auditor_allowed_on_open_audit[/opening-minutes/pdf]" time="0.415" /><testcase classname="backend.tests.test_iteration24_role_audit_rules.TestPdfRoleGate" name="test_auditor_allowed_on_open_audit[/closing-minutes/pdf]" time="0.072" /><testcase classname="backend.tests.test_iteration24_role_audit_rules.TestAuditorWrite" name="test_auditor_put_audit" time="0.051" /><testcase classname="backend.tests.test_iteration24_role_audit_rules.TestAuditorWrite" name="test_auditor_generate_checklist_and_update" time="0.220" /><testcase classname="backend.tests.test_iteration24_role_audit_rules.TestAINarrativeAssist" name="test_auditor_ai_assist[opening_narrative]" time="10.064" /><testcase classname="backend.tests.test_iteration24_role_audit_rules.TestAINarrativeAssist" name="test_auditor_ai_assist[closing_narrative]" time="8.356" /><testcase classname="backend.tests.test_iteration24_role_audit_rules.TestAINarrativeAssist" name="test_auditor_ai_assist[report_narrative]" time="9.703" /><testcase classname="backend.tests.test_iteration24_role_audit_rules.TestAINarrativeSaveAndPDF" name="test_auditor_save_narratives" time="0.108" /><testcase classname="backend.tests.test_iteration24_role_audit_rules.TestAINarrativeSaveAndPDF" name="test_pdf_opening_contains_narrative" time="0.309" /><testcase classname="backend.tests.test_iteration24_role_audit_rules.TestAINarrativeSaveAndPDF" name="test_pdf_closing_contains_narrative" time="0.121" /><testcase classname="backend.tests.test_iteration24_role_audit_rules.TestPermissionsFlags" name="test_sgsst_manager_flags" time="0.051" /><testcase classname="backend.tests.test_iteration24_role_audit_rules.TestPermissionsFlags" name="test_auditor_flags" time="0.050" /><testcase classname="backend.tests.test_iteration24_role_audit_rules.TestPermissionsFlags" name="test_admin_flags" time="0.053" /></testsuite></testsuites>