<?xml version="1.0" encoding="utf-8"?><testsuites name="pytest tests"><testsuite name="pytest" errors="0" failures="0" skipped="0" tests="6" time="12.597" timestamp="2026-04-24T02:19:27.222378+00:00" hostname="agent-env-62f6f08c-916a-4434-806c-e273ffe1c4ef"><testcase classname="backend.tests.test_iteration18_chatbot.TestDashboardUnchanged" name="test_dashboard_returns_expected_keys" time="0.485" /><testcase classname="backend.tests.test_iteration18_chatbot.TestAIChatValidation" name="test_empty_message_rejected" time="0.055" /><testcase classname="backend.tests.test_iteration18_chatbot.TestAIChatValidation" name="test_whitespace_only_rejected" time="0.052" /><testcase classname="backend.tests.test_iteration18_chatbot.TestAIChatValidation" name="test_too_long_message_rejected" time="0.058" /><testcase classname="backend.tests.test_iteration18_chatbot.TestAIChatFlow" name="test_full_chat_flow" time="11.683" /><testcase classname="backend.tests.test_iteration18_chatbot.TestAIChatRBAC" name="test_unauthenticated_chat_rejected" time="0.199" /></testsuite></testsuites>