<?xml version="1.0" encoding="utf-8"?><testsuites name="pytest tests"><testsuite name="pytest" errors="0" failures="0" skipped="0" tests="11" time="41.955" timestamp="2026-05-07T12:53:38.476354+00:00" hostname="agent-env-62f6f08c-916a-4434-806c-e273ffe1c4ef"><testcase classname="backend.tests.test_iteration30_arl_ai_docs.TestArlIndicators" name="test_arl_year_aggregate_keys" time="0.838" /><testcase classname="backend.tests.test_iteration30_arl_ai_docs.TestArlIndicators" name="test_arl_month_specific" time="0.215" /><testcase classname="backend.tests.test_iteration30_arl_ai_docs.TestArlIndicators" name="test_arl_pdf" time="0.290" /><testcase classname="backend.tests.test_iteration30_arl_ai_docs.TestArlIndicators" name="test_arl_excel" time="0.593" /><testcase classname="backend.tests.test_iteration30_arl_ai_docs.TestDocumentTemplates" name="test_list_all_templates" time="0.190" /><testcase classname="backend.tests.test_iteration30_arl_ai_docs.TestDocumentTemplates" name="test_filter_politica" time="0.137" /><testcase classname="backend.tests.test_iteration30_arl_ai_docs.TestDocumentTemplates" name="test_template_includes_pol_sgsst" time="0.256" /><testcase classname="backend.tests.test_iteration30_arl_ai_docs.TestAIGenerate" name="test_invalid_template_404" time="0.221" /><testcase classname="backend.tests.test_iteration30_arl_ai_docs.TestAIGenerate" name="test_auditor_forbidden" time="0.472" /><testcase classname="backend.tests.test_iteration30_arl_ai_docs.TestAIGenerate" name="test_admin_generate_persist_and_fetch" time="38.523" /><testcase classname="backend.tests.test_iteration30_arl_ai_docs.TestAIGenerate" name="test_put_ai_content_auditor_forbidden" time="0.135" /></testsuite></testsuites>