<?xml version="1.0" encoding="utf-8"?><testsuites name="pytest tests"><testsuite name="pytest" errors="0" failures="0" skipped="0" tests="13" time="4.492" timestamp="2026-04-21T17:43:55.731174+00:00" hostname="agent-env-62f6f08c-916a-4434-806c-e273ffe1c4ef"><testcase classname="backend.tests.test_iteration16_cascade.TestCascadeChecklistToFinding" name="test_get_audit_checklist_exists" time="0.193" /><testcase classname="backend.tests.test_iteration16_cascade.TestCascadeChecklistToFinding" name="test_update_checklist_to_no_cumple_creates_finding_and_plan" time="0.682" /><testcase classname="backend.tests.test_iteration16_cascade.TestCascadeChecklistToFinding" name="test_update_checklist_to_cumple_resolves_finding_and_closes_plan" time="0.593" /><testcase classname="backend.tests.test_iteration16_cascade.TestCascadeChecklistToParcial" name="test_update_checklist_to_parcial_creates_observation_and_preventive_plan" time="0.500" /><testcase classname="backend.tests.test_iteration16_cascade.TestGenerateFromChecklist" name="test_generate_from_checklist_returns_correct_structure" time="0.132" /><testcase classname="backend.tests.test_iteration16_cascade.TestGenerateFromChecklist" name="test_generate_from_checklist_creates_findings_for_nc_items" time="0.390" /><testcase classname="backend.tests.test_iteration16_cascade.TestGenerateFromChecklist" name="test_generate_from_checklist_resolves_findings_for_compliant_items" time="0.255" /><testcase classname="backend.tests.test_iteration16_cascade.TestCascadeUpdatesAudit" name="test_audit_has_score_result_after_checklist_change" time="0.129" /><testcase classname="backend.tests.test_iteration16_cascade.TestCascadeUpdatesAudit" name="test_audit_has_findings_count_updated" time="0.409" /><testcase classname="backend.tests.test_iteration16_cascade.TestCascadeUpdatesAudit" name="test_audit_has_report_stale_flag" time="0.147" /><testcase classname="backend.tests.test_iteration16_cascade.TestPDFReportGeneration" name="test_pdf_report_generates_successfully" time="0.233" /><testcase classname="backend.tests.test_iteration16_cascade.TestActionPlanSourceItemId" name="test_action_plans_have_source_item_id" time="0.116" /><testcase classname="backend.tests.test_iteration16_cascade.TestCleanup" name="test_cleanup_test_observations" time="0.640" /></testsuite></testsuites>