<?xml version="1.0" encoding="utf-8"?><testsuites name="pytest tests"><testsuite name="pytest" errors="0" failures="1" skipped="0" tests="13" time="4.059" timestamp="2026-04-17T21:05:54.054497+00:00" hostname="agent-env-62f6f08c-916a-4434-806c-e273ffe1c4ef"><testcase classname="backend.tests.test_iteration13_bugfixes.TestPDFEndpoints" name="test_opening_minutes_pdf_returns_valid_pdf" time="0.436" /><testcase classname="backend.tests.test_iteration13_bugfixes.TestPDFEndpoints" name="test_closing_minutes_pdf_returns_valid_pdf" time="0.185" /><testcase classname="backend.tests.test_iteration13_bugfixes.TestPDFEndpoints" name="test_report_pdf_returns_valid_pdf" time="0.144" /><testcase classname="backend.tests.test_iteration13_bugfixes.TestAuditDataForPDF" name="test_audit_has_auditor_info" time="0.199" /><testcase classname="backend.tests.test_iteration13_bugfixes.TestAuditDataForPDF" name="test_audit_has_copasst_member" time="0.148" /><testcase classname="backend.tests.test_iteration13_bugfixes.TestAuditDataForPDF" name="test_audit_has_times" time="0.120" /><testcase classname="backend.tests.test_iteration13_bugfixes.TestAuditDataForPDF" name="test_audit_has_process_responsibles" time="0.148" /><testcase classname="backend.tests.test_iteration13_bugfixes.TestGenerateFindingsFromChecklist" name="test_generate_findings_returns_created_and_updated_counts" time="0.113" /><testcase classname="backend.tests.test_iteration13_bugfixes.TestFindingsUpdateOnExecutionChange" name="test_finding_created_on_first_non_compliance" time="0.842"><failure message="AssertionError: Should create at least 1 finding&#10;assert 0 &gt;= 1">backend/tests/test_iteration13_bugfixes.py:220: in test_finding_created_on_first_non_compliance
    assert data["created"] &gt;= 1, "Should create at least 1 finding"
E   AssertionError: Should create at least 1 finding
E   assert 0 &gt;= 1</failure></testcase><testcase classname="backend.tests.test_iteration13_bugfixes.TestFindingsUpdateOnExecutionChange" name="test_finding_updated_on_observation_change" time="0.970" /><testcase classname="backend.tests.test_iteration13_bugfixes.TestAuthRetryLogic" name="test_auth_session_endpoint_exists" time="0.235" /><testcase classname="backend.tests.test_iteration13_bugfixes.TestAuthRetryLogic" name="test_auth_me_with_valid_token" time="0.110" /><testcase classname="backend.tests.test_iteration13_bugfixes.TestPDFTextWrapping" name="test_report_pdf_handles_long_text" time="0.300" /></testsuite></testsuites>