<?xml version="1.0" encoding="utf-8"?><testsuites name="pytest tests"><testsuite name="pytest" errors="0" failures="0" skipped="0" tests="7" time="1.635" timestamp="2026-04-19T17:47:01.374634+00:00" hostname="agent-env-62f6f08c-916a-4434-806c-e273ffe1c4ef"><testcase classname="backend.tests.test_iteration14_criterio_verificacion.TestChecklistCriterioModoVerificacion" name="test_get_checklist_returns_criterio_field" time="0.305" /><testcase classname="backend.tests.test_iteration14_criterio_verificacion.TestChecklistCriterioModoVerificacion" name="test_get_checklist_returns_modo_verificacion_field" time="0.154" /><testcase classname="backend.tests.test_iteration14_criterio_verificacion.TestChecklistCriterioModoVerificacion" name="test_checklist_item_has_both_criterio_and_modo_verificacion" time="0.118" /><testcase classname="backend.tests.test_iteration14_criterio_verificacion.TestChecklistCriterioModoVerificacion" name="test_criterio_matches_criteria_verification_dict" time="0.165" /><testcase classname="backend.tests.test_iteration14_criterio_verificacion.TestChecklistGenerationWithCriterio" name="test_generate_checklist_includes_criterio_modo" time="0.551" /><testcase classname="backend.tests.test_iteration14_criterio_verificacion.TestAutoEnrichment" name="test_get_checklist_enriches_items_without_criterio" time="0.132" /><testcase classname="backend.tests.test_iteration14_criterio_verificacion.TestChecklistItemStructure" name="test_checklist_item_has_all_required_fields" time="0.127" /></testsuite></testsuites>