<?xml version="1.0" encoding="utf-8"?><testsuites name="pytest tests"><testsuite name="pytest" errors="0" failures="0" skipped="0" tests="13" time="5.826" timestamp="2026-04-17T19:31:35.962157+00:00" hostname="agent-env-62f6f08c-916a-4434-806c-e273ffe1c4ef"><testcase classname="backend.tests.test_iteration12_features.TestAuditProgrammingEdit" name="test_edit_programming_when_in_progress" time="0.544" /><testcase classname="backend.tests.test_iteration12_features.TestAuditProgrammingEdit" name="test_edit_multiple_programming_fields" time="0.239" /><testcase classname="backend.tests.test_iteration12_features.TestAuditBlockedWhenClosed" name="test_block_editing_when_closed" time="0.501" /><testcase classname="backend.tests.test_iteration12_features.TestAuditBlockedWhenClosed" name="test_reopen_closed_audit" time="0.632" /><testcase classname="backend.tests.test_iteration12_features.TestAuditBlockedWhenClosed" name="test_reopen_with_follow_up_status" time="0.731" /><testcase classname="backend.tests.test_iteration12_features.TestChangeHistoryTracking" name="test_change_history_tracked" time="0.410" /><testcase classname="backend.tests.test_iteration12_features.TestChangeHistoryTracking" name="test_change_history_structure" time="0.247" /><testcase classname="backend.tests.test_iteration12_features.TestCascadeUpdates" name="test_checklist_change_sets_report_stale" time="0.642" /><testcase classname="backend.tests.test_iteration12_features.TestCascadeUpdates" name="test_checklist_change_sets_last_execution_change" time="0.373" /><testcase classname="backend.tests.test_iteration12_features.TestCascadeUpdates" name="test_checklist_change_recalculates_score" time="0.463" /><testcase classname="backend.tests.test_iteration12_features.TestReportStaleFlag" name="test_get_audit_preserves_report_stale" time="0.113" /><testcase classname="backend.tests.test_iteration12_features.TestReportStaleFlag" name="test_get_audit_preserves_last_execution_change" time="0.119" /><testcase classname="backend.tests.test_iteration12_features.TestReportStaleFlag" name="test_ai_redaction_clears_report_stale" time="0.720" /></testsuite></testsuites>