<?xml version="1.0" encoding="utf-8"?><testsuites name="pytest tests"><testsuite name="pytest" errors="0" failures="0" skipped="0" tests="10" time="2.885" timestamp="2026-04-15T19:23:16.433895+00:00" hostname="agent-env-62f6f08c-916a-4434-806c-e273ffe1c4ef"><testcase classname="backend.tests.test_pdf_endpoints.TestAuditPDFEndpoints" name="test_list_audits" time="0.197" /><testcase classname="backend.tests.test_pdf_endpoints.TestAuditPDFEndpoints" name="test_get_audit_detail" time="0.122" /><testcase classname="backend.tests.test_pdf_endpoints.TestAuditPDFEndpoints" name="test_opening_minutes_pdf_generation" time="0.205" /><testcase classname="backend.tests.test_pdf_endpoints.TestAuditPDFEndpoints" name="test_closing_minutes_pdf_generation" time="0.141" /><testcase classname="backend.tests.test_pdf_endpoints.TestAuditPDFEndpoints" name="test_audit_report_pdf_generation" time="0.149" /><testcase classname="backend.tests.test_pdf_endpoints.TestAuditPDFEndpoints" name="test_pdf_endpoints_require_auth" time="0.351" /><testcase classname="backend.tests.test_pdf_endpoints.TestAuditPDFEndpoints" name="test_pdf_endpoints_404_for_invalid_audit" time="0.410" /><testcase classname="backend.tests.test_pdf_endpoints.TestAuditCRUD" name="test_create_audit" time="0.110" /><testcase classname="backend.tests.test_pdf_endpoints.TestAuditCRUD" name="test_update_audit" time="0.468" /><testcase classname="backend.tests.test_pdf_endpoints.TestAuditCRUD" name="test_get_single_audit" time="0.655" /></testsuite></testsuites>