<?xml version="1.0" encoding="utf-8"?><testsuites name="pytest tests"><testsuite name="pytest" errors="0" failures="1" skipped="0" tests="24" time="43.238" timestamp="2026-04-17T13:14:27.865000+00:00" hostname="agent-env-62f6f08c-916a-4434-806c-e273ffe1c4ef"><testcase classname="backend.tests.test_phase3_4_5.TestPhase3DynamicFindingsSync" name="test_checklist_update_no_cumple_creates_finding" time="0.628" /><testcase classname="backend.tests.test_phase3_4_5.TestPhase3DynamicFindingsSync" name="test_checklist_update_cumple_resolves_finding" time="0.481" /><testcase classname="backend.tests.test_phase3_4_5.TestPhase3DynamicFindingsSync" name="test_checklist_update_back_to_no_cumple_reopens_finding" time="0.449" /><testcase classname="backend.tests.test_phase3_4_5.TestPhase3DynamicFindingsSync" name="test_parcial_creates_observation_finding" time="0.697" /><testcase classname="backend.tests.test_phase3_4_5.TestPhase4AIRedaction" name="test_ai_redaction_saves_strengths" time="0.236" /><testcase classname="backend.tests.test_phase3_4_5.TestPhase4AIRedaction" name="test_ai_redaction_saves_findings" time="0.113" /><testcase classname="backend.tests.test_phase3_4_5.TestPhase4AIRedaction" name="test_ai_redaction_saves_recommendations" time="0.105" /><testcase classname="backend.tests.test_phase3_4_5.TestPhase4AIRedaction" name="test_ai_redaction_saves_conclusions" time="0.118" /><testcase classname="backend.tests.test_phase3_4_5.TestPhase4AIRedaction" name="test_ai_redaction_saves_multiple_fields" time="0.126" /><testcase classname="backend.tests.test_phase3_4_5.TestPhase4AIRedaction" name="test_ai_redaction_rejects_unknown_fields" time="0.114" /><testcase classname="backend.tests.test_phase3_4_5.TestPhase4AIRedaction" name="test_ai_assist_strengths" time="5.888" /><testcase classname="backend.tests.test_phase3_4_5.TestPhase4AIRedaction" name="test_ai_assist_recommendations" time="16.737" /><testcase classname="backend.tests.test_phase3_4_5.TestPhase4AIRedaction" name="test_ai_assist_conclusions" time="9.566" /><testcase classname="backend.tests.test_phase3_4_5.TestPhase4AIRedaction" name="test_ai_assist_findings_report" time="4.859" /><testcase classname="backend.tests.test_phase3_4_5.TestPhase5AuditClosure" name="test_closure_requires_end_date" time="0.743" /><testcase classname="backend.tests.test_phase3_4_5.TestPhase5AuditClosure" name="test_closure_requires_end_time" time="0.370" /><testcase classname="backend.tests.test_phase3_4_5.TestPhase5AuditClosure" name="test_closure_requires_auditor" time="0.352" /><testcase classname="backend.tests.test_phase3_4_5.TestPhase5AuditClosure" name="test_closure_requires_copasst_member" time="0.366" /><testcase classname="backend.tests.test_phase3_4_5.TestPhase5AuditClosure" name="test_closure_succeeds_with_all_fields" time="0.359" /><testcase classname="backend.tests.test_phase3_4_5.TestPhase5AuditClosure" name="test_reviewed_status_also_validates" time="0.349" /><testcase classname="backend.tests.test_phase3_4_5.TestAuditDetailWithNewFields" name="test_audit_detail_has_ai_redaction_fields" time="0.119" /><testcase classname="backend.tests.test_phase3_4_5.TestAuditDetailWithNewFields" name="test_audit_detail_has_copasst_member" time="0.119" /><testcase classname="backend.tests.test_phase3_4_5.TestAuditDetailWithNewFields" name="test_audit_detail_has_score_result" time="0.118" /><testcase classname="backend.tests.test_phase3_4_5.TestFindingsChangeLog" name="test_findings_have_change_log_field" time="0.098"><failure message="AssertionError: assert ('change_log' in {'area': 'PLANEAR', 'audit_id': 'aud_d44a6cb2', 'company_id': 'comp_2a3f500b', 'corrective_action': '', ...} or None is not None)&#10; +  where None = &lt;built-in method get of dict object at 0xffae84bbc680&gt;('change_log')&#10; +    where &lt;built-in method get of dict object at 0xffae84bbc680&gt; = {'area': 'PLANEAR', 'audit_id': 'aud_d44a6cb2', 'company_id': 'comp_2a3f500b', 'corrective_action': '', ...}.get">backend/tests/test_phase3_4_5.py:559: in test_findings_have_change_log_field
    assert "change_log" in f or f.get("change_log") is not None
E   AssertionError: assert ('change_log' in {'area': 'PLANEAR', 'audit_id': 'aud_d44a6cb2', 'company_id': 'comp_2a3f500b', 'corrective_action': '', ...} or None is not None)
E    +  where None = &lt;built-in method get of dict object at 0xffae84bbc680&gt;('change_log')
E    +    where &lt;built-in method get of dict object at 0xffae84bbc680&gt; = {'area': 'PLANEAR', 'audit_id': 'aud_d44a6cb2', 'company_id': 'comp_2a3f500b', 'corrective_action': '', ...}.get</failure></testcase></testsuite></testsuites>