<?xml version="1.0" encoding="utf-8"?><testsuites name="pytest tests"><testsuite name="pytest" errors="0" failures="0" skipped="0" tests="16" time="3.901" timestamp="2026-04-17T13:03:49.429272+00:00" hostname="agent-env-62f6f08c-916a-4434-806c-e273ffe1c4ef"><testcase classname="backend.tests.test_scoring_and_audit_fields.TestScoringEndpoint" name="test_score_endpoint_returns_200" time="0.154" /><testcase classname="backend.tests.test_scoring_and_audit_fields.TestScoringEndpoint" name="test_score_response_structure" time="0.135" /><testcase classname="backend.tests.test_scoring_and_audit_fields.TestScoringEndpoint" name="test_score_classification_structure" time="0.112" /><testcase classname="backend.tests.test_scoring_and_audit_fields.TestScoringEndpoint" name="test_score_by_cycle_phva" time="0.121" /><testcase classname="backend.tests.test_scoring_and_audit_fields.TestScoringEndpoint" name="test_score_requires_auth" time="0.118" /><testcase classname="backend.tests.test_scoring_and_audit_fields.TestScoringEndpoint" name="test_score_404_for_invalid_audit" time="0.109" /><testcase classname="backend.tests.test_scoring_and_audit_fields.TestAuditCreateNewFields" name="test_create_audit_with_all_new_fields" time="0.226" /><testcase classname="backend.tests.test_scoring_and_audit_fields.TestAuditCreateNewFields" name="test_create_audit_minimal_fields" time="0.234" /><testcase classname="backend.tests.test_scoring_and_audit_fields.TestAuditCloseBusinessRules" name="test_close_audit_fails_without_end_time" time="0.346" /><testcase classname="backend.tests.test_scoring_and_audit_fields.TestAuditCloseBusinessRules" name="test_close_audit_fails_without_copasst_member" time="0.369" /><testcase classname="backend.tests.test_scoring_and_audit_fields.TestAuditCloseBusinessRules" name="test_close_audit_fails_without_auditor" time="0.362" /><testcase classname="backend.tests.test_scoring_and_audit_fields.TestAuditCloseBusinessRules" name="test_close_audit_succeeds_with_all_required_fields" time="0.361" /><testcase classname="backend.tests.test_scoring_and_audit_fields.TestAuditCloseBusinessRules" name="test_close_audit_with_status_reviewed" time="0.397" /><testcase classname="backend.tests.test_scoring_and_audit_fields.TestAuditDetailWithScore" name="test_audit_detail_includes_score_result" time="0.123" /><testcase classname="backend.tests.test_scoring_and_audit_fields.TestAuditDetailWithScore" name="test_audit_detail_includes_new_fields" time="0.360" /><testcase classname="backend.tests.test_scoring_and_audit_fields.TestScoringLogic" name="test_scoring_logic_via_checklist_update" time="0.281" /></testsuite></testsuites>